<?xml version="1.0" encoding="UTF-8"?>
<!-- Generated by org.testng.reporters.JUnitXMLReporter -->
<testsuite hostname="WKMCR9965103" ignored="0" tests="3" failures="0" timestamp="18 Mar 2021 21:56:21 GMT" time="3.922" errors="0">
  <testcase name="Test_Create_Article_Success" time="1.17" classname="ArticleTests"/>
  <testcase name="Test_Delete_Article_Success" time="1.049" classname="ArticleTests"/>
  <testcase name="Test_Invalid_Token_Cant_Create_New_Articles" time="0.578" classname="ArticleTests"/>
</testsuite>
