<?xml version="1.0" encoding="UTF-8"?>
<!-- Generated by org.testng.reporters.JUnitXMLReporter -->
<testsuite hostname="WKMCR9965103" ignored="0" tests="10" failures="0" timestamp="18 Mar 2021 21:56:28 GMT" time="7.079" errors="0">
  <testcase name="Test_Create_Comment_Success" time="0.559" classname="CommentsTests"/>
  <testcase name="Test_Empty_Password_Cant_Get_All_Comments" time="0.551" classname="CommentsTests"/>
  <testcase name="Test_Empty_User_Cant_Update_Comment" time="0.558" classname="CommentsTests"/>
  <testcase name="Test_Get_All_Comments_Success" time="0.551" classname="CommentsTests"/>
  <testcase name="Test_Get_One_Comment_Success" time="0.552" classname="CommentsTests"/>
  <testcase name="Test_Invalid_Password_Cant_Create_Comment" time="0.524" classname="CommentsTests"/>
  <testcase name="Test_Invalid_User_Cant_Get_One_Comment" time="0.513" classname="CommentsTests"/>
  <testcase name="Test_Update_Comment_Success" time="0.582" classname="CommentsTests"/>
  <testcase name="ZTest_Delete_Comment_Success" time="0.524" classname="CommentsTests"/>
  <testcase name="ZTest_Empty_Credentials_Cant_Delete_Comment" time="0.56" classname="CommentsTests"/>
</testsuite>
