<?xml version="1.0" encoding="UTF-8"?>
<!-- Generated by org.testng.reporters.JUnitXMLReporter -->
<testsuite hostname="WKMCR9965103" ignored="0" tests="11" failures="0" timestamp="18 Mar 2021 21:56:29 GMT" time="10.059" errors="0">
  <testcase name="Test_Create_Post_Success" time="1.098" classname="PostTests"/>
  <testcase name="Test_Get_All_Post_Success" time="1.212" classname="PostTests"/>
  <testcase name="Test_Get_Post_Success" time="1.113" classname="PostTests"/>
  <testcase name="Test_Invalid_Path_Cant_Create_Post" time="1.122" classname="PostTests"/>
  <testcase name="Test_Invalid_Token_Cant_Create_New_Posts" time="0.453" classname="PostTests"/>
  <testcase name="Test_Invalid_Token_Cant_Delete_Post" time="0.474" classname="PostTests"/>
  <testcase name="Test_Invalid_Token_Cant_Get_All_Posts" time="0.458" classname="PostTests"/>
  <testcase name="Test_Invalid_Token_Cant_Get_Post" time="0.43" classname="PostTests"/>
  <testcase name="Test_Invalid_Token_Cant_Update_Post" time="0.451" classname="PostTests"/>
  <testcase name="Test_Update_Post_Success" time="1.142" classname="PostTests"/>
  <testcase name="ZTest_Delete_Post_Success" time="1.052" classname="PostTests"/>
</testsuite>
