<?xml version="1.0" encoding="UTF-8"?>
<testsuite xmlns:xsi="http://www.w3.org/2001/XMLSchema-instance" xsi:noNamespaceSchemaLocation="https://maven.apache.org/surefire/maven-surefire-plugin/xsd/surefire-test-report.xsd" name="TestSuite" time="21.475" tests="29" errors="0" skipped="0" failures="0">
  <properties>
[...]
</properties>
  <testcase name="ATest_PING_ENDPOINT" classname="MiscTests" time="8.257"/>
  <testcase name="Test_Create_User_Already_Exist" classname="UserTests" time="0.003"/>
  <testcase name="BTest_HomePage_Response" classname="MiscTests" time="0.469"/>
  <testcase name="Test_Create_User_Successful" classname="UserTests" time="0.096"/>
  <testcase name="Test_Create_Article_Success" classname="ArticleTests" time="1.075"/>
  <testcase name="Test_Login_User_Successful" classname="UserTests" time="1.219"/>
  <testcase name="Test_Create_Post_Success" classname="PostTests" time="0.131"/>
  <testcase name="Test_Delete_Article_Success" classname="ArticleTests" time="0.918"/>
  <testcase name="Test_Get_All_Post_Success" classname="PostTests" time="0.29"/>
  <testcase name="Test_Invalid_Token_Cant_Create_New_Articles" classname="ArticleTests" time="0.578"/>
  <testcase name="Test_Create_Comment_Success" classname="CommentsTests" time="0.559"/>
  <testcase name="Test_Get_Post_Success" classname="PostTests" time="0.281"/>
  <testcase name="Test_Empty_Password_Cant_Get_All_Comments" classname="CommentsTests" time="0.27"/>
  <testcase name="Test_Invalid_Path_Cant_Create_Post" classname="PostTests" time="0.276"/>
  <testcase name="Test_Empty_User_Cant_Update_Comment" classname="CommentsTests" time="0.282"/>
  <testcase name="Test_Invalid_Token_Cant_Create_New_Posts" classname="PostTests" time="0.171"/>
  <testcase name="Test_Get_All_Comments_Success" classname="CommentsTests" time="0.38"/>
  <testcase name="Test_Invalid_Token_Cant_Delete_Post" classname="PostTests" time="0.094"/>
  <testcase name="Test_Get_One_Comment_Success" classname="CommentsTests" time="0.46"/>
  <testcase name="Test_Invalid_Token_Cant_Get_All_Posts" classname="PostTests" time="0.46"/>
  <testcase name="Test_Invalid_Token_Cant_Get_Post" classname="PostTests" time="0.429"/>
  <testcase name="Test_Invalid_Password_Cant_Create_Comment" classname="CommentsTests" time="0.094"/>
  <testcase name="Test_Invalid_Token_Cant_Update_Post" classname="PostTests" time="0.357"/>
  <testcase name="Test_Invalid_User_Cant_Get_One_Comment" classname="CommentsTests" time="0.155"/>
  <testcase name="Test_Update_Comment_Success" classname="CommentsTests" time="0.582"/>
  <testcase name="Test_Update_Post_Success" classname="PostTests" time="0.404"/>
  <testcase name="ZTest_Delete_Comment_Success" classname="CommentsTests" time="0.119"/>
  <testcase name="ZTest_Empty_Credentials_Cant_Delete_Comment" classname="CommentsTests" time="0.56"/>
  <testcase name="ZTest_Delete_Post_Success" classname="PostTests" time="0.933"/>
</testsuite>