<?xml version="1.0" encoding="UTF-8"?>
<testng-results skipped="0" failed="0" ignored="0" total="29" passed="29">
  <reporter-output>
  </reporter-output>
  <suite name="LocalExecution" duration-ms="20882" started-at="2021-03-18T21:56:08Z" finished-at="2021-03-18T21:56:29Z">
    <groups>
      <group name="create_post">
        <method signature="PostTests.Test_Get_Post_Success()[pri:0, instance:PostTests@2d3fcdbd]" name="Test_Get_Post_Success" class="PostTests"/>
        <method signature="PostTests.Test_Invalid_Token_Cant_Delete_Post()[pri:0, instance:PostTests@2d3fcdbd]" name="Test_Invalid_Token_Cant_Delete_Post" class="PostTests"/>
        <method signature="PostTests.Test_Invalid_Token_Cant_Get_Post()[pri:0, instance:PostTests@2d3fcdbd]" name="Test_Invalid_Token_Cant_Get_Post" class="PostTests"/>
        <method signature="PostTests.Test_Invalid_Token_Cant_Update_Post()[pri:0, instance:PostTests@2d3fcdbd]" name="Test_Invalid_Token_Cant_Update_Post" class="PostTests"/>
        <method signature="PostTests.Test_Update_Post_Success()[pri:0, instance:PostTests@2d3fcdbd]" name="Test_Update_Post_Success" class="PostTests"/>
        <method signature="PostTests.ZTest_Delete_Post_Success()[pri:0, instance:PostTests@2d3fcdbd]" name="ZTest_Delete_Post_Success" class="PostTests"/>
        <method signature="CommentsTests.Test_Create_Comment_Success()[pri:0, instance:CommentsTests@3cbbc1e0]" name="Test_Create_Comment_Success" class="CommentsTests"/>
        <method signature="CommentsTests.Test_Empty_Password_Cant_Get_All_Comments()[pri:0, instance:CommentsTests@3cbbc1e0]" name="Test_Empty_Password_Cant_Get_All_Comments" class="CommentsTests"/>
        <method signature="CommentsTests.Test_Empty_User_Cant_Update_Comment()[pri:0, instance:CommentsTests@3cbbc1e0]" name="Test_Empty_User_Cant_Update_Comment" class="CommentsTests"/>
        <method signature="CommentsTests.Test_Get_All_Comments_Success()[pri:0, instance:CommentsTests@3cbbc1e0]" name="Test_Get_All_Comments_Success" class="CommentsTests"/>
        <method signature="CommentsTests.Test_Get_One_Comment_Success()[pri:0, instance:CommentsTests@3cbbc1e0]" name="Test_Get_One_Comment_Success" class="CommentsTests"/>
        <method signature="CommentsTests.Test_Invalid_Password_Cant_Create_Comment()[pri:0, instance:CommentsTests@3cbbc1e0]" name="Test_Invalid_Password_Cant_Create_Comment" class="CommentsTests"/>
        <method signature="CommentsTests.Test_Invalid_User_Cant_Get_One_Comment()[pri:0, instance:CommentsTests@3cbbc1e0]" name="Test_Invalid_User_Cant_Get_One_Comment" class="CommentsTests"/>
        <method signature="CommentsTests.Test_Update_Comment_Success()[pri:0, instance:CommentsTests@3cbbc1e0]" name="Test_Update_Comment_Success" class="CommentsTests"/>
        <method signature="CommentsTests.ZTest_Delete_Comment_Success()[pri:0, instance:CommentsTests@3cbbc1e0]" name="ZTest_Delete_Comment_Success" class="CommentsTests"/>
        <method signature="CommentsTests.ZTest_Empty_Credentials_Cant_Delete_Comment()[pri:0, instance:CommentsTests@3cbbc1e0]" name="ZTest_Empty_Credentials_Cant_Delete_Comment" class="CommentsTests"/>
      </group> <!-- create_post -->
      <group name="create_comment">
        <method signature="CommentsTests.Test_Empty_User_Cant_Update_Comment()[pri:0, instance:CommentsTests@3cbbc1e0]" name="Test_Empty_User_Cant_Update_Comment" class="CommentsTests"/>
        <method signature="CommentsTests.Test_Get_One_Comment_Success()[pri:0, instance:CommentsTests@3cbbc1e0]" name="Test_Get_One_Comment_Success" class="CommentsTests"/>
        <method signature="CommentsTests.Test_Invalid_User_Cant_Get_One_Comment()[pri:0, instance:CommentsTests@3cbbc1e0]" name="Test_Invalid_User_Cant_Get_One_Comment" class="CommentsTests"/>
        <method signature="CommentsTests.Test_Update_Comment_Success()[pri:0, instance:CommentsTests@3cbbc1e0]" name="Test_Update_Comment_Success" class="CommentsTests"/>
        <method signature="CommentsTests.ZTest_Delete_Comment_Success()[pri:0, instance:CommentsTests@3cbbc1e0]" name="ZTest_Delete_Comment_Success" class="CommentsTests"/>
        <method signature="CommentsTests.ZTest_Empty_Credentials_Cant_Delete_Comment()[pri:0, instance:CommentsTests@3cbbc1e0]" name="ZTest_Empty_Credentials_Cant_Delete_Comment" class="CommentsTests"/>
      </group> <!-- create_comment -->
      <group name="create_article">
        <method signature="ArticleTests.Test_Delete_Article_Success()[pri:0, instance:ArticleTests@47f6473]" name="Test_Delete_Article_Success" class="ArticleTests"/>
      </group> <!-- create_article -->
    </groups>
    <test name="Misc" duration-ms="9482" started-at="2021-03-18T21:56:08Z" finished-at="2021-03-18T21:56:17Z">
      <class name="MiscTests">
        <test-method status="PASS" signature="setup(java.lang.String)[pri:0, instance:MiscTests@6fb554cc]" name="setup" is-config="true" duration-ms="730" started-at="2021-03-18T21:56:08Z" finished-at="2021-03-18T21:56:08Z">
          <params>
            <param index="0">
              <value>
                <![CDATA[https://api-coffee-testing.herokuapp.com]]>
              </value>
            </param>
          </params>
          <reporter-output>
          </reporter-output>
        </test-method> <!-- setup -->
        <test-method status="PASS" signature="ATest_PING_ENDPOINT()[pri:0, instance:MiscTests@6fb554cc]" name="ATest_PING_ENDPOINT" duration-ms="8256" started-at="2021-03-18T21:56:08Z" finished-at="2021-03-18T21:56:17Z">
          <reporter-output>
          </reporter-output>
        </test-method> <!-- ATest_PING_ENDPOINT -->
        <test-method status="PASS" signature="BTest_HomePage_Response()[pri:0, instance:MiscTests@6fb554cc]" name="BTest_HomePage_Response" duration-ms="472" started-at="2021-03-18T21:56:17Z" finished-at="2021-03-18T21:56:17Z">
          <reporter-output>
          </reporter-output>
        </test-method> <!-- BTest_HomePage_Response -->
      </class> <!-- MiscTests -->
    </test> <!-- Misc -->
    <test name="UserTests" duration-ms="10815" started-at="2021-03-18T21:56:08Z" finished-at="2021-03-18T21:56:19Z">
      <class name="UserTests">
        <test-method status="PASS" signature="setup(java.lang.String)[pri:0, instance:UserTests@1a407d53]" name="setup" is-config="true" duration-ms="730" started-at="2021-03-18T21:56:08Z" finished-at="2021-03-18T21:56:08Z">
          <params>
            <param index="0">
              <value>
                <![CDATA[https://api-coffee-testing.herokuapp.com]]>
              </value>
            </param>
          </params>
          <reporter-output>
          </reporter-output>
        </test-method> <!-- setup -->
        <test-method status="PASS" signature="Test_Create_User_Already_Exist()[pri:0, instance:UserTests@1a407d53]" name="Test_Create_User_Already_Exist" duration-ms="8261" started-at="2021-03-18T21:56:08Z" finished-at="2021-03-18T21:56:17Z">
          <reporter-output>
          </reporter-output>
        </test-method> <!-- Test_Create_User_Already_Exist -->
        <test-method status="PASS" signature="Test_Create_User_Successful()[pri:0, instance:UserTests@1a407d53]" name="Test_Create_User_Successful" duration-ms="588" started-at="2021-03-18T21:56:17Z" finished-at="2021-03-18T21:56:17Z">
          <reporter-output>
          </reporter-output>
        </test-method> <!-- Test_Create_User_Successful -->
        <test-method status="PASS" signature="Test_Login_User_Successful()[pri:0, instance:UserTests@1a407d53]" name="Test_Login_User_Successful" duration-ms="1213" started-at="2021-03-18T21:56:17Z" finished-at="2021-03-18T21:56:19Z">
          <reporter-output>
          </reporter-output>
        </test-method> <!-- Test_Login_User_Successful -->
      </class> <!-- UserTests -->
    </test> <!-- UserTests -->
    <test name="Article" duration-ms="3922" started-at="2021-03-18T21:56:17Z" finished-at="2021-03-18T21:56:21Z">
      <class name="ArticleTests">
        <test-method status="PASS" signature="setup(java.lang.String)[pri:0, instance:ArticleTests@47f6473]" name="setup" is-config="true" duration-ms="1" started-at="2021-03-18T21:56:17Z" finished-at="2021-03-18T21:56:17Z">
          <params>
            <param index="0">
              <value>
                <![CDATA[https://api-coffee-testing.herokuapp.com]]>
              </value>
            </param>
          </params>
          <reporter-output>
          </reporter-output>
        </test-method> <!-- setup -->
        <test-method status="PASS" signature="Test_Create_Article_Success()[pri:0, instance:ArticleTests@47f6473]" name="Test_Create_Article_Success" duration-ms="1170" started-at="2021-03-18T21:56:17Z" finished-at="2021-03-18T21:56:18Z">
          <reporter-output>
          </reporter-output>
        </test-method> <!-- Test_Create_Article_Success -->
        <test-method status="PASS" signature="createArticle()[pri:0, instance:ArticleTests@47f6473]" name="createArticle" is-config="true" duration-ms="1121" started-at="2021-03-18T21:56:18Z" finished-at="2021-03-18T21:56:19Z">
          <reporter-output>
          </reporter-output>
        </test-method> <!-- createArticle -->
        <test-method status="PASS" signature="Test_Delete_Article_Success()[pri:0, instance:ArticleTests@47f6473]" name="Test_Delete_Article_Success" duration-ms="1049" started-at="2021-03-18T21:56:19Z" finished-at="2021-03-18T21:56:21Z">
          <reporter-output>
          </reporter-output>
        </test-method> <!-- Test_Delete_Article_Success -->
        <test-method status="PASS" signature="Test_Invalid_Token_Cant_Create_New_Articles()[pri:0, instance:ArticleTests@47f6473]" name="Test_Invalid_Token_Cant_Create_New_Articles" duration-ms="578" started-at="2021-03-18T21:56:21Z" finished-at="2021-03-18T21:56:21Z">
          <reporter-output>
          </reporter-output>
        </test-method> <!-- Test_Invalid_Token_Cant_Create_New_Articles -->
      </class> <!-- ArticleTests -->
    </test> <!-- Article -->
    <test name="CommentsTests" duration-ms="7079" started-at="2021-03-18T21:56:21Z" finished-at="2021-03-18T21:56:28Z">
      <class name="CommentsTests">
        <test-method status="PASS" signature="setup(java.lang.String)[pri:0, instance:CommentsTests@3cbbc1e0]" name="setup" is-config="true" duration-ms="1" started-at="2021-03-18T21:56:21Z" finished-at="2021-03-18T21:56:21Z">
          <params>
            <param index="0">
              <value>
                <![CDATA[https://api-coffee-testing.herokuapp.com]]>
              </value>
            </param>
          </params>
          <reporter-output>
          </reporter-output>
        </test-method> <!-- setup -->
        <test-method status="PASS" signature="createPost()[pri:0, instance:CommentsTests@3cbbc1e0]" name="createPost" is-config="true" duration-ms="1023" started-at="2021-03-18T21:56:21Z" finished-at="2021-03-18T21:56:22Z">
          <reporter-output>
          </reporter-output>
        </test-method> <!-- createPost -->
        <test-method status="PASS" signature="Test_Create_Comment_Success()[pri:0, instance:CommentsTests@3cbbc1e0]" name="Test_Create_Comment_Success" duration-ms="559" started-at="2021-03-18T21:56:22Z" finished-at="2021-03-18T21:56:23Z">
          <reporter-output>
          </reporter-output>
        </test-method> <!-- Test_Create_Comment_Success -->
        <test-method status="PASS" signature="Test_Empty_Password_Cant_Get_All_Comments()[pri:0, instance:CommentsTests@3cbbc1e0]" name="Test_Empty_Password_Cant_Get_All_Comments" duration-ms="551" started-at="2021-03-18T21:56:23Z" finished-at="2021-03-18T21:56:23Z">
          <reporter-output>
          </reporter-output>
        </test-method> <!-- Test_Empty_Password_Cant_Get_All_Comments -->
        <test-method status="PASS" signature="createComment()[pri:0, instance:CommentsTests@3cbbc1e0]" name="createComment" is-config="true" duration-ms="577" started-at="2021-03-18T21:56:23Z" finished-at="2021-03-18T21:56:24Z">
          <reporter-output>
          </reporter-output>
        </test-method> <!-- createComment -->
        <test-method status="PASS" signature="Test_Empty_User_Cant_Update_Comment()[pri:0, instance:CommentsTests@3cbbc1e0]" name="Test_Empty_User_Cant_Update_Comment" duration-ms="558" started-at="2021-03-18T21:56:24Z" finished-at="2021-03-18T21:56:24Z">
          <reporter-output>
          </reporter-output>
        </test-method> <!-- Test_Empty_User_Cant_Update_Comment -->
        <test-method status="PASS" signature="Test_Get_All_Comments_Success()[pri:0, instance:CommentsTests@3cbbc1e0]" name="Test_Get_All_Comments_Success" duration-ms="551" started-at="2021-03-18T21:56:24Z" finished-at="2021-03-18T21:56:25Z">
          <reporter-output>
          </reporter-output>
        </test-method> <!-- Test_Get_All_Comments_Success -->
        <test-method status="PASS" signature="Test_Get_One_Comment_Success()[pri:0, instance:CommentsTests@3cbbc1e0]" name="Test_Get_One_Comment_Success" duration-ms="552" started-at="2021-03-18T21:56:25Z" finished-at="2021-03-18T21:56:25Z">
          <reporter-output>
          </reporter-output>
        </test-method> <!-- Test_Get_One_Comment_Success -->
        <test-method status="PASS" signature="Test_Invalid_Password_Cant_Create_Comment()[pri:0, instance:CommentsTests@3cbbc1e0]" name="Test_Invalid_Password_Cant_Create_Comment" duration-ms="524" started-at="2021-03-18T21:56:25Z" finished-at="2021-03-18T21:56:26Z">
          <reporter-output>
          </reporter-output>
        </test-method> <!-- Test_Invalid_Password_Cant_Create_Comment -->
        <test-method status="PASS" signature="Test_Invalid_User_Cant_Get_One_Comment()[pri:0, instance:CommentsTests@3cbbc1e0]" name="Test_Invalid_User_Cant_Get_One_Comment" duration-ms="513" started-at="2021-03-18T21:56:26Z" finished-at="2021-03-18T21:56:27Z">
          <reporter-output>
          </reporter-output>
        </test-method> <!-- Test_Invalid_User_Cant_Get_One_Comment -->
        <test-method status="PASS" signature="Test_Update_Comment_Success()[pri:0, instance:CommentsTests@3cbbc1e0]" name="Test_Update_Comment_Success" duration-ms="582" started-at="2021-03-18T21:56:27Z" finished-at="2021-03-18T21:56:27Z">
          <reporter-output>
          </reporter-output>
        </test-method> <!-- Test_Update_Comment_Success -->
        <test-method status="PASS" signature="ZTest_Delete_Comment_Success()[pri:0, instance:CommentsTests@3cbbc1e0]" name="ZTest_Delete_Comment_Success" duration-ms="524" started-at="2021-03-18T21:56:27Z" finished-at="2021-03-18T21:56:28Z">
          <reporter-output>
          </reporter-output>
        </test-method> <!-- ZTest_Delete_Comment_Success -->
        <test-method status="PASS" signature="ZTest_Empty_Credentials_Cant_Delete_Comment()[pri:0, instance:CommentsTests@3cbbc1e0]" name="ZTest_Empty_Credentials_Cant_Delete_Comment" duration-ms="560" started-at="2021-03-18T21:56:28Z" finished-at="2021-03-18T21:56:28Z">
          <reporter-output>
          </reporter-output>
        </test-method> <!-- ZTest_Empty_Credentials_Cant_Delete_Comment -->
      </class> <!-- CommentsTests -->
    </test> <!-- CommentsTests -->
    <test name="PostTests" duration-ms="10059" started-at="2021-03-18T21:56:19Z" finished-at="2021-03-18T21:56:29Z">
      <class name="PostTests">
        <test-method status="PASS" signature="Test_Create_Post_Success()[pri:0, instance:PostTests@2d3fcdbd]" name="Test_Create_Post_Success" duration-ms="1098" started-at="2021-03-18T21:56:19Z" finished-at="2021-03-18T21:56:20Z">
          <reporter-output>
          </reporter-output>
        </test-method> <!-- Test_Create_Post_Success -->
        <test-method status="PASS" signature="setup(java.lang.String)[pri:0, instance:PostTests@2d3fcdbd]" name="setup" is-config="true" duration-ms="0" started-at="2021-03-18T21:56:19Z" finished-at="2021-03-18T21:56:19Z">
          <params>
            <param index="0">
              <value>
                <![CDATA[https://api-coffee-testing.herokuapp.com]]>
              </value>
            </param>
          </params>
          <reporter-output>
          </reporter-output>
        </test-method> <!-- setup -->
        <test-method status="PASS" signature="Test_Get_All_Post_Success()[pri:0, instance:PostTests@2d3fcdbd]" name="Test_Get_All_Post_Success" duration-ms="1212" started-at="2021-03-18T21:56:20Z" finished-at="2021-03-18T21:56:21Z">
          <reporter-output>
          </reporter-output>
        </test-method> <!-- Test_Get_All_Post_Success -->
        <test-method status="PASS" signature="createPost()[pri:0, instance:PostTests@2d3fcdbd]" name="createPost" is-config="true" duration-ms="1044" started-at="2021-03-18T21:56:21Z" finished-at="2021-03-18T21:56:22Z">
          <reporter-output>
          </reporter-output>
        </test-method> <!-- createPost -->
        <test-method status="PASS" signature="Test_Get_Post_Success()[pri:0, instance:PostTests@2d3fcdbd]" name="Test_Get_Post_Success" duration-ms="1113" started-at="2021-03-18T21:56:22Z" finished-at="2021-03-18T21:56:23Z">
          <reporter-output>
          </reporter-output>
        </test-method> <!-- Test_Get_Post_Success -->
        <test-method status="PASS" signature="Test_Invalid_Path_Cant_Create_Post()[pri:0, instance:PostTests@2d3fcdbd]" name="Test_Invalid_Path_Cant_Create_Post" duration-ms="1122" started-at="2021-03-18T21:56:23Z" finished-at="2021-03-18T21:56:24Z">
          <reporter-output>
          </reporter-output>
        </test-method> <!-- Test_Invalid_Path_Cant_Create_Post -->
        <test-method status="PASS" signature="Test_Invalid_Token_Cant_Create_New_Posts()[pri:0, instance:PostTests@2d3fcdbd]" name="Test_Invalid_Token_Cant_Create_New_Posts" duration-ms="453" started-at="2021-03-18T21:56:24Z" finished-at="2021-03-18T21:56:25Z">
          <reporter-output>
          </reporter-output>
        </test-method> <!-- Test_Invalid_Token_Cant_Create_New_Posts -->
        <test-method status="PASS" signature="Test_Invalid_Token_Cant_Delete_Post()[pri:0, instance:PostTests@2d3fcdbd]" name="Test_Invalid_Token_Cant_Delete_Post" duration-ms="474" started-at="2021-03-18T21:56:25Z" finished-at="2021-03-18T21:56:25Z">
          <reporter-output>
          </reporter-output>
        </test-method> <!-- Test_Invalid_Token_Cant_Delete_Post -->
        <test-method status="PASS" signature="Test_Invalid_Token_Cant_Get_All_Posts()[pri:0, instance:PostTests@2d3fcdbd]" name="Test_Invalid_Token_Cant_Get_All_Posts" duration-ms="458" started-at="2021-03-18T21:56:25Z" finished-at="2021-03-18T21:56:25Z">
          <reporter-output>
          </reporter-output>
        </test-method> <!-- Test_Invalid_Token_Cant_Get_All_Posts -->
        <test-method status="PASS" signature="Test_Invalid_Token_Cant_Get_Post()[pri:0, instance:PostTests@2d3fcdbd]" name="Test_Invalid_Token_Cant_Get_Post" duration-ms="430" started-at="2021-03-18T21:56:25Z" finished-at="2021-03-18T21:56:26Z">
          <reporter-output>
          </reporter-output>
        </test-method> <!-- Test_Invalid_Token_Cant_Get_Post -->
        <test-method status="PASS" signature="Test_Invalid_Token_Cant_Update_Post()[pri:0, instance:PostTests@2d3fcdbd]" name="Test_Invalid_Token_Cant_Update_Post" duration-ms="451" started-at="2021-03-18T21:56:26Z" finished-at="2021-03-18T21:56:26Z">
          <reporter-output>
          </reporter-output>
        </test-method> <!-- Test_Invalid_Token_Cant_Update_Post -->
        <test-method status="PASS" signature="Test_Update_Post_Success()[pri:0, instance:PostTests@2d3fcdbd]" name="Test_Update_Post_Success" duration-ms="1142" started-at="2021-03-18T21:56:26Z" finished-at="2021-03-18T21:56:28Z">
          <reporter-output>
          </reporter-output>
        </test-method> <!-- Test_Update_Post_Success -->
        <test-method status="PASS" signature="ZTest_Delete_Post_Success()[pri:0, instance:PostTests@2d3fcdbd]" name="ZTest_Delete_Post_Success" duration-ms="1052" started-at="2021-03-18T21:56:28Z" finished-at="2021-03-18T21:56:29Z">
          <reporter-output>
          </reporter-output>
        </test-method> <!-- ZTest_Delete_Post_Success -->
      </class> <!-- PostTests -->
    </test> <!-- PostTests -->
  </suite> <!-- LocalExecution -->
</testng-results>
